app/build/outputs/logs/manifest-merger-debug-report.txt
-- Merging decision tree log ---
manifest
ADDED from src/main/AndroidManifest.xml:2:1-63:12
INJECTED from src/main/AndroidManifest.xml:2:1-63:12
INJECTED from src/main/AndroidManifest.xml:2:1-63:12
INJECTED from src/main/AndroidManifest.xml:2:1-63:12
MERGED from [com.android.support:appcompat-v7:28.0.0] AndroidManifest.xml:17:1-22:12
MERGED from [com.android.support.constraint:constraint-layout:1.1.3] AndroidManifest.xml:2:1-11:12
MERGED from [com.google.firebase:firebase-auth:16.2.1] AndroidManifest.xml:17:1-42:12
MERGED from [com.google.firebase:firebase-storage:16.1.0] AndroidManifest.xml:15:1-37:12
MERGED from [com.google.firebase:firebase-messaging:17.6.0] AndroidManifest.xml:17:1-37:12
MERGED from [com.google.android.gms:play-services-gcm:16.1.0] AndroidManifest.xml:17:1-28:12
MERGED from [com.google.firebase:firebase-core:15.0.0] AndroidManifest.xml:2:1-9:12
MERGED from [com.google.firebase:firebase-crash:16.2.1] AndroidManifest.xml:17:1-32:12
MERGED from [com.firebaseui:firebase-ui-database:3.3.1] AndroidManifest.xml:2:1-13:12
MERGED from [com.google.firebase:firebase-database:15.0.0] AndroidManifest.xml:2:1-8:12
MERGED from [com.google.android.gms:play-services-auth:16.0.1] AndroidManifest.xml:17:1-39:12
MERGED from [com.google.android.gms:play-services-flags:16.0.1] AndroidManifest.xml:17:1-22:12
MERGED from [com.google.firebase:firebase-auth-interop:16.0.1] AndroidManifest.xml:2:1-10:12
MERGED from [com.google.android.gms:play-services-iid:16.0.1] AndroidManifest.xml:17:1-28:12
MERGED from [com.google.android.gms:play-services-auth-api-phone:16.0.0] AndroidManifest.xml:2:1-7:12
MERGED from [com.google.android.gms:play-services-auth-base:16.0.0] AndroidManifest.xml:2:1-7:12
MERGED from [com.google.firebase:firebase-database-connection:15.0.0] AndroidManifest.xml:2:1-8:12
MERGED from [com.google.firebase:firebase-analytics:15.0.2] AndroidManifest.xml:17:1-55:12
MERGED from [com.google.firebase:firebase-analytics-impl:15.0.2] AndroidManifest.xml:17:1-41:12
MERGED from [com.google.firebase:firebase-iid:17.1.2] AndroidManifest.xml:17:1-59:12
MERGED from [com.google.firebase:firebase-iid-interop:16.0.1] AndroidManifest.xml:2:1-10:12
MERGED from [com.google.android.gms:play-services-base:16.0.1] AndroidManifest.xml:17:1-29:12
MERGED from [com.google.firebase:firebase-common:16.1.0] AndroidManifest.xml:2:1-19:12
MERGED from [com.google.android.gms:play-services-tasks:16.0.1] AndroidManifest.xml:2:1-9:12
MERGED from [com.google.firebase:firebase-measurement-connector:17.0.1] AndroidManifest.xml:17:1-25:12
MERGED from [com.google.android.gms:play-services-stats:16.0.1] AndroidManifest.xml:2:1-9:12
MERGED from [com.google.firebase:firebase-database-collection:15.0.1] AndroidManifest.xml:2:1-8:12
MERGED from [com.google.android.gms:play-services-ads-identifier:15.0.1] AndroidManifest.xml:17:1-24:12
MERGED from [com.google.android.gms:play-services-basement:16.1.0] AndroidManifest.xml:17:1-28:12
MERGED from [com.android.support:support-v4:27.1.0] AndroidManifest.xml:17:1-22:12
MERGED from [com.android.support:support-fragment:28.0.0] AndroidManifest.xml:17:1-22:12
MERGED from [com.android.support:animated-vector-drawable:28.0.0] AndroidManifest.xml:17:1-22:12
MERGED from [com.android.support:recyclerview-v7:27.1.0] AndroidManifest.xml:17:1-22:12
MERGED from [com.android.support:support-core-ui:28.0.0] AndroidManifest.xml:17:1-22:12
MERGED from [com.android.support:support-core-utils:28.0.0] AndroidManifest.xml:17:1-22:12
MERGED from [com.android.support:support-vector-drawable:28.0.0] AndroidManifest.xml:17:1-22:12
MERGED from [com.android.support:loader:28.0.0] AndroidManifest.xml:17:1-22:12
MERGED from [com.android.support:support-media-compat:27.1.0] AndroidManifest.xml:17:1-22:12
MERGED from [com.android.support:viewpager:28.0.0] AndroidManifest.xml:17:1-22:12
MERGED from [com.android.support:coordinatorlayout:28.0.0] AndroidManifest.xml:17:1-22:12
MERGED from [com.android.support:drawerlayout:28.0.0] AndroidManifest.xml:17:1-22:12
MERGED from [com.android.support:slidingpanelayout:28.0.0] AndroidManifest.xml:17:1-22:12
MERGED from [com.android.support:customview:28.0.0] AndroidManifest.xml:17:1-22:12
MERGED from [com.android.support:swiperefreshlayout:28.0.0] AndroidManifest.xml:17:1-22:12
MERGED from [com.android.support:asynclayoutinflater:28.0.0] AndroidManifest.xml:17:1-22:12
MERGED from [com.android.support:support-compat:28.0.0] AndroidManifest.xml:17:1-24:12
MERGED from [com.android.support:versionedparcelable:28.0.0] AndroidManifest.xml:17:1-25:12
MERGED from [com.android.support:cursoradapter:28.0.0] AndroidManifest.xml:17:1-22:12
MERGED from [com.firebaseui:firebase-ui-common:3.3.1] AndroidManifest.xml:2:1-11:12
MERGED from [android.arch.lifecycle:runtime:1.1.1] AndroidManifest.xml:17:1-22:12
MERGED from [com.android.support:documentfile:28.0.0] AndroidManifest.xml:17:1-22:12
MERGED from [com.android.support:localbroadcastmanager:28.0.0] AndroidManifest.xml:17:1-22:12
MERGED from [com.android.support:print:28.0.0] AndroidManifest.xml:17:1-22:12
MERGED from [android.arch.lifecycle:viewmodel:1.1.1] AndroidManifest.xml:17:1-22:12
MERGED from [android.arch.lifecycle:livedata:1.1.1] AndroidManifest.xml:17:1-22:12
MERGED from [android.arch.lifecycle:livedata-core:1.1.1] AndroidManifest.xml:17:1-22:12
MERGED from [android.arch.core:runtime:1.1.1] AndroidManifest.xml:17:1-22:12
MERGED from [com.android.support:interpolator:28.0.0] AndroidManifest.xml:17:1-22:12
MERGED from [com.google.android.gms:play-services-measurement-base:15.0.2] AndroidManifest.xml:17:1-24:12
INJECTED from src/main/AndroidManifest.xml:2:1-63:12
INJECTED from src/main/AndroidManifest.xml:2:1-63:12
INJECTED from src/main/AndroidManifest.xml:2:1-63:12
	package
		ADDED from src/main/AndroidManifest.xml:3:5-41
		INJECTED from src/main/AndroidManifest.xml
		INJECTED from src/main/AndroidManifest.xml
	android:versionName
		INJECTED from src/main/AndroidManifest.xml
		ADDED from src/main/AndroidManifest.xml:2:1-63:12
		INJECTED from src/main/AndroidManifest.xml
	android:versionCode
		INJECTED from src/main/AndroidManifest.xml
		ADDED from src/main/AndroidManifest.xml:2:1-63:12
		INJECTED from src/main/AndroidManifest.xml
	xmlns:android
		ADDED from src/main/AndroidManifest.xml:2:11-69
uses-permission#android.permission.WRITE_EXTERNAL_STORAGE
ADDED from src/main/AndroidManifest.xml:6:5-81
	android:name
		ADDED from src/main/AndroidManifest.xml:6:22-78
uses-permission#android.permission.CAMERA
ADDED from src/main/AndroidManifest.xml:7:5-65
	android:name
		ADDED from src/main/AndroidManifest.xml:7:22-62
uses-permission#android.permission.RECORD_AUDIO
ADDED from src/main/AndroidManifest.xml:9:5-71
	android:name
		ADDED from src/main/AndroidManifest.xml:9:22-68
uses-permission#android.permission.READ_EXTERNAL_STORAGE
ADDED from src/main/AndroidManifest.xml:10:5-80
	android:name
		ADDED from src/main/AndroidManifest.xml:10:22-77
uses-permission#android.permission.INTERNET
ADDED from src/main/AndroidManifest.xml:11:5-66
MERGED from [com.google.firebase:firebase-storage:16.1.0] AndroidManifest.xml:27:5-67
MERGED from [com.google.firebase:firebase-storage:16.1.0] AndroidManifest.xml:27:5-67
MERGED from [com.google.android.gms:play-services-gcm:16.1.0] AndroidManifest.xml:24:5-67
MERGED from [com.google.android.gms:play-services-gcm:16.1.0] AndroidManifest.xml:24:5-67
MERGED from [com.google.firebase:firebase-crash:16.2.1] AndroidManifest.xml:22:5-67
MERGED from [com.google.firebase:firebase-crash:16.2.1] AndroidManifest.xml:22:5-67
MERGED from [com.firebaseui:firebase-ui-database:3.3.1] AndroidManifest.xml:11:5-67
MERGED from [com.firebaseui:firebase-ui-database:3.3.1] AndroidManifest.xml:11:5-67
MERGED from [com.google.android.gms:play-services-iid:16.0.1] AndroidManifest.xml:24:5-67
MERGED from [com.google.android.gms:play-services-iid:16.0.1] AndroidManifest.xml:24:5-67
MERGED from [com.google.firebase:firebase-analytics:15.0.2] AndroidManifest.xml:23:5-67
MERGED from [com.google.firebase:firebase-analytics:15.0.2] AndroidManifest.xml:23:5-67
MERGED from [com.google.firebase:firebase-analytics-impl:15.0.2] AndroidManifest.xml:23:5-67
MERGED from [com.google.firebase:firebase-analytics-impl:15.0.2] AndroidManifest.xml:23:5-67
MERGED from [com.google.firebase:firebase-iid:17.1.2] AndroidManifest.xml:23:5-67
MERGED from [com.google.firebase:firebase-iid:17.1.2] AndroidManifest.xml:23:5-67
	android:name
		ADDED from src/main/AndroidManifest.xml:11:22-64
uses-feature#android.hardware.camera
ADDED from src/main/AndroidManifest.xml:14:5-60
	android:name
		ADDED from src/main/AndroidManifest.xml:14:19-57
uses-feature#android.hardware.camera.autofocus
ADDED from src/main/AndroidManifest.xml:15:5-70
	android:name
		ADDED from src/main/AndroidManifest.xml:15:19-67
uses-feature#android.hardware.camera.front
ADDED from src/main/AndroidManifest.xml:16:5-18:36
	android:required
		ADDED from src/main/AndroidManifest.xml:18:9-33
	android:name
		ADDED from src/main/AndroidManifest.xml:17:9-53
application
ADDED from src/main/AndroidManifest.xml:20:5-60:19
MERGED from [com.android.support.constraint:constraint-layout:1.1.3] AndroidManifest.xml:9:5-20
MERGED from [com.android.support.constraint:constraint-layout:1.1.3] AndroidManifest.xml:9:5-20
MERGED from [com.google.firebase:firebase-auth:16.2.1] AndroidManifest.xml:23:5-40:19
MERGED from [com.google.firebase:firebase-auth:16.2.1] AndroidManifest.xml:23:5-40:19
MERGED from [com.google.firebase:firebase-storage:16.1.0] AndroidManifest.xml:29:5-35:19
MERGED from [com.google.firebase:firebase-storage:16.1.0] AndroidManifest.xml:29:5-35:19
MERGED from [com.google.firebase:firebase-messaging:17.6.0] AndroidManifest.xml:22:5-35:19
MERGED from [com.google.firebase:firebase-messaging:17.6.0] AndroidManifest.xml:22:5-35:19
MERGED from [com.google.android.gms:play-services-gcm:16.1.0] AndroidManifest.xml:26:5-20
MERGED from [com.google.android.gms:play-services-gcm:16.1.0] AndroidManifest.xml:26:5-20
MERGED from [com.google.firebase:firebase-core:15.0.0] AndroidManifest.xml:7:5-20
MERGED from [com.google.firebase:firebase-core:15.0.0] AndroidManifest.xml:7:5-20
MERGED from [com.google.firebase:firebase-crash:16.2.1] AndroidManifest.xml:24:5-30:19
MERGED from [com.google.firebase:firebase-crash:16.2.1] AndroidManifest.xml:24:5-30:19
MERGED from [com.google.android.gms:play-services-auth:16.0.1] AndroidManifest.xml:22:5-37:19
MERGED from [com.google.android.gms:play-services-auth:16.0.1] AndroidManifest.xml:22:5-37:19
MERGED from [com.google.firebase:firebase-auth-interop:16.0.1] AndroidManifest.xml:7:5-8:19
MERGED from [com.google.firebase:firebase-auth-interop:16.0.1] AndroidManifest.xml:7:5-8:19
MERGED from [com.google.android.gms:play-services-iid:16.0.1] AndroidManifest.xml:26:5-20
MERGED from [com.google.android.gms:play-services-iid:16.0.1] AndroidManifest.xml:26:5-20
MERGED from [com.google.firebase:firebase-analytics:15.0.2] AndroidManifest.xml:28:5-53:19
MERGED from [com.google.firebase:firebase-analytics:15.0.2] AndroidManifest.xml:28:5-53:19
MERGED from [com.google.firebase:firebase-analytics-impl:15.0.2] AndroidManifest.xml:28:5-39:19
MERGED from [com.google.firebase:firebase-analytics-impl:15.0.2] AndroidManifest.xml:28:5-39:19
MERGED from [com.google.firebase:firebase-iid:17.1.2] AndroidManifest.xml:28:5-57:19
MERGED from [com.google.firebase:firebase-iid:17.1.2] AndroidManifest.xml:28:5-57:19
MERGED from [com.google.firebase:firebase-iid-interop:16.0.1] AndroidManifest.xml:7:5-8:19
MERGED from [com.google.firebase:firebase-iid-interop:16.0.1] AndroidManifest.xml:7:5-8:19
MERGED from [com.google.android.gms:play-services-base:16.0.1] AndroidManifest.xml:22:5-27:19
MERGED from [com.google.android.gms:play-services-base:16.0.1] AndroidManifest.xml:22:5-27:19
MERGED from [com.google.firebase:firebase-common:16.1.0] AndroidManifest.xml:11:5-17:19
MERGED from [com.google.firebase:firebase-common:16.1.0] AndroidManifest.xml:11:5-17:19
MERGED from [com.google.android.gms:play-services-tasks:16.0.1] AndroidManifest.xml:7:5-20
MERGED from [com.google.android.gms:play-services-tasks:16.0.1] AndroidManifest.xml:7:5-20
MERGED from [com.google.firebase:firebase-measurement-connector:17.0.1] AndroidManifest.xml:22:5-23:19
MERGED from [com.google.firebase:firebase-measurement-connector:17.0.1] AndroidManifest.xml:22:5-23:19
MERGED from [com.google.android.gms:play-services-stats:16.0.1] AndroidManifest.xml:7:5-20
MERGED from [com.google.android.gms:play-services-stats:16.0.1] AndroidManifest.xml:7:5-20
MERGED from [com.google.android.gms:play-services-ads-identifier:15.0.1] AndroidManifest.xml:22:5-20
MERGED from [com.google.android.gms:play-services-ads-identifier:15.0.1] AndroidManifest.xml:22:5-20
MERGED from [com.google.android.gms:play-services-basement:16.1.0] AndroidManifest.xml:22:5-26:19
MERGED from [com.google.android.gms:play-services-basement:16.1.0] AndroidManifest.xml:22:5-26:19
MERGED from [com.android.support:support-compat:28.0.0] AndroidManifest.xml:22:5-94
MERGED from [com.android.support:support-compat:28.0.0] AndroidManifest.xml:22:5-94
MERGED from [com.android.support:versionedparcelable:28.0.0] AndroidManifest.xml:22:5-23:19
MERGED from [com.android.support:versionedparcelable:28.0.0] AndroidManifest.xml:22:5-23:19
MERGED from [com.google.android.gms:play-services-measurement-base:15.0.2] AndroidManifest.xml:22:5-20
MERGED from [com.google.android.gms:play-services-measurement-base:15.0.2] AndroidManifest.xml:22:5-20
	android:appComponentFactory
		ADDED from [com.android.support:support-compat:28.0.0] AndroidManifest.xml:22:18-91
	android:supportsRtl
		ADDED from src/main/AndroidManifest.xml:25:9-35
	android:label
		ADDED from src/main/AndroidManifest.xml:23:9-41
	android:roundIcon
		ADDED from src/main/AndroidManifest.xml:24:9-54
	android:icon
		ADDED from src/main/AndroidManifest.xml:22:9-43
	android:allowBackup
		ADDED from src/main/AndroidManifest.xml:21:9-35
	android:theme
		ADDED from src/main/AndroidManifest.xml:26:9-40
activity#com.vibrations.k2user.invv.MainActivity
ADDED from src/main/AndroidManifest.xml:27:9-33:20
	android:name
		ADDED from src/main/AndroidManifest.xml:27:19-47
intent-filter#action:name:android.intent.action.MAIN+category:name:android.intent.category.LAUNCHER
ADDED from src/main/AndroidManifest.xml:28:13-32:29
action#android.intent.action.MAIN
ADDED from src/main/AndroidManifest.xml:29:17-69
	android:name
		ADDED from src/main/AndroidManifest.xml:29:25-66
category#android.intent.category.LAUNCHER
ADDED from src/main/AndroidManifest.xml:31:17-77
	android:name
		ADDED from src/main/AndroidManifest.xml:31:27-74
activity#com.vibrations.k2user.invv.iNVV
ADDED from src/main/AndroidManifest.xml:34:9-51
	android:name
		ADDED from src/main/AndroidManifest.xml:34:19-39
activity#com.vibrations.k2user.invv.Accoutic
ADDED from src/main/AndroidManifest.xml:35:9-55
	android:name
		ADDED from src/main/AndroidManifest.xml:35:19-43
activity#com.vibrations.k2user.invv.Video
ADDED from src/main/AndroidManifest.xml:36:9-52
	android:name
		ADDED from src/main/AndroidManifest.xml:36:19-40
activity#com.vibrations.k2user.invv.Vibration
ADDED from src/main/AndroidManifest.xml:37:9-56
	android:name
		ADDED from src/main/AndroidManifest.xml:37:19-44
service#com.vibrations.k2user.invv.FireIDService
ADDED from src/main/AndroidManifest.xml:39:9-44:19
	android:name
		ADDED from src/main/AndroidManifest.xml:40:13-42
intent-filter#action:name:com.google.firebase.INSTANCE_ID_EVENT
ADDED from src/main/AndroidManifest.xml:41:13-43:29
action#com.google.firebase.INSTANCE_ID_EVENT
ADDED from src/main/AndroidManifest.xml:42:17-79
	android:name
		ADDED from src/main/AndroidManifest.xml:42:25-77
service#com.vibrations.k2user.invv.FireMsgService
ADDED from src/main/AndroidManifest.xml:46:9-51:19
	android:name
		ADDED from src/main/AndroidManifest.xml:47:13-43
intent-filter#action:name:com.google.firebase.MESSAGING_EVENT
ADDED from src/main/AndroidManifest.xml:48:13-50:29
action#com.google.firebase.MESSAGING_EVENT
ADDED from src/main/AndroidManifest.xml:49:17-77
	android:name
		ADDED from src/main/AndroidManifest.xml:49:25-75
meta-data#com.google.firebase.messaging.default_notification_icon
ADDED from src/main/AndroidManifest.xml:53:9-55:57
	android:resource
		ADDED from src/main/AndroidManifest.xml:55:13-54
	android:name
		ADDED from src/main/AndroidManifest.xml:54:13-83
meta-data#com.google.firebase.messaging.default_notification_color
ADDED from src/main/AndroidManifest.xml:57:9-59:53
	android:resource
		ADDED from src/main/AndroidManifest.xml:59:13-50
	android:name
		ADDED from src/main/AndroidManifest.xml:58:13-84
uses-sdk
INJECTED from src/main/AndroidManifest.xml reason: use-sdk injection requested
INJECTED from src/main/AndroidManifest.xml
INJECTED from src/main/AndroidManifest.xml
MERGED from [com.android.support:appcompat-v7:28.0.0] AndroidManifest.xml:20:5-44
MERGED from [com.android.support:appcompat-v7:28.0.0] AndroidManifest.xml:20:5-44
MERGED from [com.android.support.constraint:constraint-layout:1.1.3] AndroidManifest.xml:5:5-7:41
MERGED from [com.android.support.constraint:constraint-layout:1.1.3] AndroidManifest.xml:5:5-7:41
MERGED from [com.google.firebase:firebase-auth:16.2.1] AndroidManifest.xml:21:5-44
MERGED from [com.google.firebase:firebase-auth:16.2.1] AndroidManifest.xml:21:5-44
MERGED from [com.google.firebase:firebase-storage:16.1.0] AndroidManifest.xml:20:5-22:41
MERGED from [com.google.firebase:firebase-storage:16.1.0] AndroidManifest.xml:20:5-22:41
MERGED from [com.google.firebase:firebase-messaging:17.6.0] AndroidManifest.xml:20:5-44
MERGED from [com.google.firebase:firebase-messaging:17.6.0] AndroidManifest.xml:20:5-44
MERGED from [com.google.android.gms:play-services-gcm:16.1.0] AndroidManifest.xml:20:5-44
MERGED from [com.google.android.gms:play-services-gcm:16.1.0] AndroidManifest.xml:20:5-44
MERGED from [com.google.firebase:firebase-core:15.0.0] AndroidManifest.xml:5:5-44
MERGED from [com.google.firebase:firebase-core:15.0.0] AndroidManifest.xml:5:5-44
MERGED from [com.google.firebase:firebase-crash:16.2.1] AndroidManifest.xml:20:5-44
MERGED from [com.google.firebase:firebase-crash:16.2.1] AndroidManifest.xml:20:5-44
MERGED from [com.firebaseui:firebase-ui-database:3.3.1] AndroidManifest.xml:7:5-9:41
MERGED from [com.firebaseui:firebase-ui-database:3.3.1] AndroidManifest.xml:7:5-9:41
MERGED from [com.google.firebase:firebase-database:15.0.0] AndroidManifest.xml:6:5-44
MERGED from [com.google.firebase:firebase-database:15.0.0] AndroidManifest.xml:6:5-44
MERGED from [com.google.android.gms:play-services-auth:16.0.1] AndroidManifest.xml:20:5-44
MERGED from [com.google.android.gms:play-services-auth:16.0.1] AndroidManifest.xml:20:5-44
MERGED from [com.google.android.gms:play-services-flags:16.0.1] AndroidManifest.xml:20:5-44
MERGED from [com.google.android.gms:play-services-flags:16.0.1] AndroidManifest.xml:20:5-44
MERGED from [com.google.firebase:firebase-auth-interop:16.0.1] AndroidManifest.xml:5:5-44
MERGED from [com.google.firebase:firebase-auth-interop:16.0.1] AndroidManifest.xml:5:5-44
MERGED from [com.google.android.gms:play-services-iid:16.0.1] AndroidManifest.xml:20:5-44
MERGED from [com.google.android.gms:play-services-iid:16.0.1] AndroidManifest.xml:20:5-44
MERGED from [com.google.android.gms:play-services-auth-api-phone:16.0.0] AndroidManifest.xml:5:5-44
MERGED from [com.google.android.gms:play-services-auth-api-phone:16.0.0] AndroidManifest.xml:5:5-44
MERGED from [com.google.android.gms:play-services-auth-base:16.0.0] AndroidManifest.xml:5:5-44
MERGED from [com.google.android.gms:play-services-auth-base:16.0.0] AndroidManifest.xml:5:5-44
MERGED from [com.google.firebase:firebase-database-connection:15.0.0] AndroidManifest.xml:6:5-44
MERGED from [com.google.firebase:firebase-database-connection:15.0.0] AndroidManifest.xml:6:5-44
MERGED from [com.google.firebase:firebase-analytics:15.0.2] AndroidManifest.xml:20:5-44
MERGED from [com.google.firebase:firebase-analytics:15.0.2] AndroidManifest.xml:20:5-44
MERGED from [com.google.firebase:firebase-analytics-impl:15.0.2] AndroidManifest.xml:20:5-44
MERGED from [com.google.firebase:firebase-analytics-impl:15.0.2] AndroidManifest.xml:20:5-44
MERGED from [com.google.firebase:firebase-iid:17.1.2] AndroidManifest.xml:20:5-44
MERGED from [com.google.firebase:firebase-iid:17.1.2] AndroidManifest.xml:20:5-44
MERGED from [com.google.firebase:firebase-iid-interop:16.0.1] AndroidManifest.xml:5:5-44
MERGED from [com.google.firebase:firebase-iid-interop:16.0.1] AndroidManifest.xml:5:5-44
MERGED from [com.google.android.gms:play-services-base:16.0.1] AndroidManifest.xml:20:5-44
MERGED from [com.google.android.gms:play-services-base:16.0.1] AndroidManifest.xml:20:5-44
MERGED from [com.google.firebase:firebase-common:16.1.0] AndroidManifest.xml:6:5-8:41
MERGED from [com.google.firebase:firebase-common:16.1.0] AndroidManifest.xml:6:5-8:41
MERGED from [com.google.android.gms:play-services-tasks:16.0.1] AndroidManifest.xml:5:5-44
MERGED from [com.google.android.gms:play-services-tasks:16.0.1] AndroidManifest.xml:5:5-44
MERGED from [com.google.firebase:firebase-measurement-connector:17.0.1] AndroidManifest.xml:20:5-44
MERGED from [com.google.firebase:firebase-measurement-connector:17.0.1] AndroidManifest.xml:20:5-44
MERGED from [com.google.android.gms:play-services-stats:16.0.1] AndroidManifest.xml:5:5-44
MERGED from [com.google.android.gms:play-services-stats:16.0.1] AndroidManifest.xml:5:5-44
MERGED from [com.google.firebase:firebase-database-collection:15.0.1] AndroidManifest.xml:6:5-44
MERGED from [com.google.firebase:firebase-database-collection:15.0.1] AndroidManifest.xml:6:5-44
MERGED from [com.google.android.gms:play-services-ads-identifier:15.0.1] AndroidManifest.xml:20:5-44
MERGED from [com.google.android.gms:play-services-ads-identifier:15.0.1] AndroidManifest.xml:20:5-44
MERGED from [com.google.android.gms:play-services-basement:16.1.0] AndroidManifest.xml:20:5-44
MERGED from [com.google.android.gms:play-services-basement:16.1.0] AndroidManifest.xml:20:5-44
MERGED from [com.android.support:support-v4:27.1.0] AndroidManifest.xml:20:5-44
MERGED from [com.android.support:support-v4:27.1.0] AndroidManifest.xml:20:5-44
MERGED from [com.android.support:support-fragment:28.0.0] AndroidManifest.xml:20:5-44
MERGED from [com.android.support:support-fragment:28.0.0] AndroidManifest.xml:20:5-44
MERGED from [com.android.support:animated-vector-drawable:28.0.0] AndroidManifest.xml:20:5-44
MERGED from [com.android.support:animated-vector-drawable:28.0.0] AndroidManifest.xml:20:5-44
MERGED from [com.android.support:recyclerview-v7:27.1.0] AndroidManifest.xml:20:5-44
MERGED from [com.android.support:recyclerview-v7:27.1.0] AndroidManifest.xml:20:5-44
MERGED from [com.android.support:support-core-ui:28.0.0] AndroidManifest.xml:20:5-44
MERGED from [com.android.support:support-core-ui:28.0.0] AndroidManifest.xml:20:5-44
MERGED from [com.android.support:support-core-utils:28.0.0] AndroidManifest.xml:20:5-44
MERGED from [com.android.support:support-core-utils:28.0.0] AndroidManifest.xml:20:5-44
MERGED from [com.android.support:support-vector-drawable:28.0.0] AndroidManifest.xml:20:5-44
MERGED from [com.android.support:support-vector-drawable:28.0.0] AndroidManifest.xml:20:5-44
MERGED from [com.android.support:loader:28.0.0] AndroidManifest.xml:20:5-44
MERGED from [com.android.support:loader:28.0.0] AndroidManifest.xml:20:5-44
MERGED from [com.android.support:support-media-compat:27.1.0] AndroidManifest.xml:20:5-44
MERGED from [com.android.support:support-media-compat:27.1.0] AndroidManifest.xml:20:5-44
MERGED from [com.android.support:viewpager:28.0.0] AndroidManifest.xml:20:5-44
MERGED from [com.android.support:viewpager:28.0.0] AndroidManifest.xml:20:5-44
MERGED from [com.android.support:coordinatorlayout:28.0.0] AndroidManifest.xml:20:5-44
MERGED from [com.android.support:coordinatorlayout:28.0.0] AndroidManifest.xml:20:5-44
MERGED from [com.android.support:drawerlayout:28.0.0] AndroidManifest.xml:20:5-44
MERGED from [com.android.support:drawerlayout:28.0.0] AndroidManifest.xml:20:5-44
MERGED from [com.android.support:slidingpanelayout:28.0.0] AndroidManifest.xml:20:5-44
MERGED from [com.android.support:slidingpanelayout:28.0.0] AndroidManifest.xml:20:5-44
MERGED from [com.android.support:customview:28.0.0] AndroidManifest.xml:20:5-44
MERGED from [com.android.support:customview:28.0.0] AndroidManifest.xml:20:5-44
MERGED from [com.android.support:swiperefreshlayout:28.0.0] AndroidManifest.xml:20:5-44
MERGED from [com.android.support:swiperefreshlayout:28.0.0] AndroidManifest.xml:20:5-44
MERGED from [com.android.support:asynclayoutinflater:28.0.0] AndroidManifest.xml:20:5-44
MERGED from [com.android.support:asynclayoutinflater:28.0.0] AndroidManifest.xml:20:5-44
MERGED from [com.android.support:support-compat:28.0.0] AndroidManifest.xml:20:5-44
MERGED from [com.android.support:support-compat:28.0.0] AndroidManifest.xml:20:5-44
MERGED from [com.android.support:versionedparcelable:28.0.0] AndroidManifest.xml:20:5-44
MERGED from [com.android.support:versionedparcelable:28.0.0] AndroidManifest.xml:20:5-44
MERGED from [com.android.support:cursoradapter:28.0.0] AndroidManifest.xml:20:5-44
MERGED from [com.android.support:cursoradapter:28.0.0] AndroidManifest.xml:20:5-44
MERGED from [com.firebaseui:firebase-ui-common:3.3.1] AndroidManifest.xml:7:5-9:41
MERGED from [com.firebaseui:firebase-ui-common:3.3.1] AndroidManifest.xml:7:5-9:41
MERGED from [android.arch.lifecycle:runtime:1.1.1] AndroidManifest.xml:20:5-44
MERGED from [android.arch.lifecycle:runtime:1.1.1] AndroidManifest.xml:20:5-44
MERGED from [com.android.support:documentfile:28.0.0] AndroidManifest.xml:20:5-44
MERGED from [com.android.support:documentfile:28.0.0] AndroidManifest.xml:20:5-44
MERGED from [com.android.support:localbroadcastmanager:28.0.0] AndroidManifest.xml:20:5-44
MERGED from [com.android.support:localbroadcastmanager:28.0.0] AndroidManifest.xml:20:5-44
MERGED from [com.android.support:print:28.0.0] AndroidManifest.xml:20:5-44
MERGED from [com.android.support:print:28.0.0] AndroidManifest.xml:20:5-44
MERGED from [android.arch.lifecycle:viewmodel:1.1.1] AndroidManifest.xml:20:5-44
MERGED from [android.arch.lifecycle:viewmodel:1.1.1] AndroidManifest.xml:20:5-44
MERGED from [android.arch.lifecycle:livedata:1.1.1] AndroidManifest.xml:20:5-44
MERGED from [android.arch.lifecycle:livedata:1.1.1] AndroidManifest.xml:20:5-44
MERGED from [android.arch.lifecycle:livedata-core:1.1.1] AndroidManifest.xml:20:5-44
MERGED from [android.arch.lifecycle:livedata-core:1.1.1] AndroidManifest.xml:20:5-44
MERGED from [android.arch.core:runtime:1.1.1] AndroidManifest.xml:20:5-44
MERGED from [android.arch.core:runtime:1.1.1] AndroidManifest.xml:20:5-44
MERGED from [com.android.support:interpolator:28.0.0] AndroidManifest.xml:20:5-44
MERGED from [com.android.support:interpolator:28.0.0] AndroidManifest.xml:20:5-44
MERGED from [com.google.android.gms:play-services-measurement-base:15.0.2] AndroidManifest.xml:20:5-44
MERGED from [com.google.android.gms:play-services-measurement-base:15.0.2] AndroidManifest.xml:20:5-44
INJECTED from src/main/AndroidManifest.xml
INJECTED from src/main/AndroidManifest.xml
	android:targetSdkVersion
		INJECTED from src/main/AndroidManifest.xml
		ADDED from src/main/AndroidManifest.xml
		INJECTED from src/main/AndroidManifest.xml
	android:minSdkVersion
		INJECTED from src/main/AndroidManifest.xml
		ADDED from src/main/AndroidManifest.xml
		INJECTED from src/main/AndroidManifest.xml
activity#com.google.firebase.auth.internal.FederatedSignInActivity
ADDED from [com.google.firebase:firebase-auth:16.2.1] AndroidManifest.xml:24:9-31:50
	android:excludeFromRecents
		ADDED from [com.google.firebase:firebase-auth:16.2.1] AndroidManifest.xml:26:13-46
	android:launchMode
		ADDED from [com.google.firebase:firebase-auth:16.2.1] AndroidManifest.xml:28:13-44
	android:exported
		ADDED from [com.google.firebase:firebase-auth:16.2.1] AndroidManifest.xml:27:13-36
	android:permission
		ADDED from [com.google.firebase:firebase-auth:16.2.1] AndroidManifest.xml:29:13-102
	android:theme
		ADDED from [com.google.firebase:firebase-auth:16.2.1] AndroidManifest.xml:30:13-72
	tools:replace
		ADDED from [com.google.firebase:firebase-auth:16.2.1] AndroidManifest.xml:31:13-47
	android:name
		ADDED from [com.google.firebase:firebase-auth:16.2.1] AndroidManifest.xml:25:13-85
service#com.google.firebase.components.ComponentDiscoveryService
ADDED from [com.google.firebase:firebase-auth:16.2.1] AndroidManifest.xml:33:9-39:19
MERGED from [com.google.firebase:firebase-storage:16.1.0] AndroidManifest.xml:30:9-34:19
MERGED from [com.google.firebase:firebase-storage:16.1.0] AndroidManifest.xml:30:9-34:19
MERGED from [com.google.firebase:firebase-crash:16.2.1] AndroidManifest.xml:25:9-29:19
MERGED from [com.google.firebase:firebase-crash:16.2.1] AndroidManifest.xml:25:9-29:19
MERGED from [com.google.firebase:firebase-iid:17.1.2] AndroidManifest.xml:29:9-35:19
MERGED from [com.google.firebase:firebase-iid:17.1.2] AndroidManifest.xml:29:9-35:19
	android:exported
		ADDED from [com.google.firebase:firebase-auth:16.2.1] AndroidManifest.xml:35:13-37
	android:name
		ADDED from [com.google.firebase:firebase-auth:16.2.1] AndroidManifest.xml:34:13-84
meta-data#com.google.firebase.components:com.google.firebase.auth.FirebaseAuthRegistrar
ADDED from [com.google.firebase:firebase-auth:16.2.1] AndroidManifest.xml:36:13-38:85
	android:value
		ADDED from [com.google.firebase:firebase-auth:16.2.1] AndroidManifest.xml:38:17-82
	android:name
		ADDED from [com.google.firebase:firebase-auth:16.2.1] AndroidManifest.xml:37:17-109
uses-permission#android.permission.ACCESS_NETWORK_STATE
ADDED from [com.google.firebase:firebase-storage:16.1.0] AndroidManifest.xml:26:5-79
MERGED from [com.google.firebase:firebase-analytics:15.0.2] AndroidManifest.xml:24:5-79
MERGED from [com.google.firebase:firebase-analytics:15.0.2] AndroidManifest.xml:24:5-79